<?xml version="1.0" encoding="UTF-8"?>
<!-- Generated by org.testng.reporters.JUnitReportReporter -->
<testsuite skipped="0" hostname="LAPTOP-2FD2RQ3C" name="prototype.Tests" tests="5" failures="0" timestamp="07 Jul 2019 07:47:26 GMT" time="0.295" errors="0">
  <testcase name="testcase2" time="0.063" classname="prototype.Tests"/>
  <testcase name="testcase3" time="0.058" classname="prototype.Tests"/>
  <testcase name="testcase5" time="0.063" classname="prototype.Tests"/>
  <testcase name="testcase1" time="0.056" classname="prototype.Tests"/>
  <testcase name="testcase4" time="0.055" classname="prototype.Tests"/>
</testsuite> <!-- prototype.Tests -->
