<?xml version="1.0" encoding="UTF-8"?>
<!-- Generated by org.testng.reporters.JUnitReportReporter -->
<testsuite skipped="4" hostname="LAPTOP-2FD2RQ3C" name="prototype.Tests" tests="5" failures="0" timestamp="07 Jul 2019 07:38:48 GMT" time="0.110" errors="0">
  <testcase name="testcase1" time="0.110" classname="prototype.Tests"/>
  <testcase name="testcase4" classname="prototype.Tests">
    <skipped/>
  </testcase> <!-- testcase4 -->
  <testcase name="testcase3" classname="prototype.Tests">
    <skipped/>
  </testcase> <!-- testcase3 -->
  <testcase name="testcase5" classname="prototype.Tests">
    <skipped/>
  </testcase> <!-- testcase5 -->
  <testcase name="testcase2" classname="prototype.Tests">
    <skipped/>
  </testcase> <!-- testcase2 -->
</testsuite> <!-- prototype.Tests -->
