<?xml version="1.0" encoding="UTF-8"?>
<!-- Generated by org.testng.reporters.JUnitReportReporter -->
<testsuite skipped="2" hostname="LAPTOP-2FD2RQ3C" name="prototype.Tests" tests="5" failures="0" timestamp="05 Jul 2019 17:43:34 GMT" time="0.116" errors="0">
  <testcase name="testcase1" time="0.038" classname="prototype.Tests"/>
  <testcase name="testcase5" time="0.047" classname="prototype.Tests"/>
  <testcase name="testcase3" time="0.031" classname="prototype.Tests"/>
  <testcase name="testcase4" classname="prototype.Tests">
    <skipped/>
  </testcase> <!-- testcase4 -->
  <testcase name="testcase2" classname="prototype.Tests">
    <skipped/>
  </testcase> <!-- testcase2 -->
</testsuite> <!-- prototype.Tests -->
